<?xml version="1.0" encoding="UTF-8"?>
<testsuite name="com.bridgelabz.indiancensusanalyser.CensusAnalyserTest" tests="5" skipped="0" failures="0" errors="0" timestamp="2020-09-07T19:00:59" hostname="DESKTOP-H88E5E6" time="0.39">
  <properties/>
  <testcase name="givenIndiaCensusData_WithWrongFileType_ShouldThrowException" classname="com.bridgelabz.indiancensusanalyser.CensusAnalyserTest" time="0.253"/>
  <testcase name="given_IndianCensusCSVFil_Should_ReturnsCorrectRecords" classname="com.bridgelabz.indiancensusanalyser.CensusAnalyserTest" time="0.127"/>
  <testcase name="givenIndiaCensusData_WithWrongFile_ShouldThrowException" classname="com.bridgelabz.indiancensusanalyser.CensusAnalyserTest" time="0.004"/>
  <testcase name="givenMissingHeader_InIndiaCensusData_ShouldReturnCustomExceptionType" classname="com.bridgelabz.indiancensusanalyser.CensusAnalyserTest" time="0.001"/>
  <testcase name="givenWrongDelimiter_InIndiaCensusData_ShouldReturnCustomExceptionType" classname="com.bridgelabz.indiancensusanalyser.CensusAnalyserTest" time="0.001"/>
  <system-out><![CDATA[]]></system-out>
  <system-err><![CDATA[]]></system-err>
</testsuite>
